2017-12-21 07:25:23 INFO  Login_TC:24 - Starting browser
2017-12-21 07:26:56 INFO  Login_TC:41 - Login testcase has failed
2018-01-01 19:34:33 INFO  Login_TC:24 - Starting browser
2018-01-01 19:34:39 INFO  Login_TC:41 - Login testcase has failed
2018-01-01 19:35:05 INFO  Login_TC:24 - Starting browser
2018-01-01 19:35:11 INFO  Login_TC:41 - Login testcase has failed
2018-01-01 21:21:34 INFO  Login_TC:24 - Starting browser
2018-01-01 21:21:41 INFO  Login_TC:41 - Incorrect Page Title
2018-01-01 21:41:34 INFO  Login_TC:27 - Starting browser
2018-01-01 21:42:58 INFO  Login_TC:27 - Starting browser
2018-01-01 21:45:06 INFO  Login_TC:27 - Starting browser
2018-01-01 21:45:44 INFO  Login_TC:27 - Starting browser
2018-01-01 21:47:04 INFO  Login_TC:27 - Starting browser
2018-01-01 21:48:33 INFO  Login_TC:27 - Starting browser
2018-01-01 21:50:46 INFO  Login_TC:27 - Starting browser
2018-01-01 21:51:04 INFO  Login_TC:49 - Pagetitle has successfully verified
2018-01-01 21:54:29 INFO  Login_TC:27 - Starting browser
2018-01-01 21:54:42 INFO  Login_TC:49 - Pagetitle has successfully verified
2018-01-20 13:08:48 INFO  Login_TC:27 - Starting browser
2018-01-20 13:09:17 INFO  Login_TC:49 - Pagetitle has successfully verified
2018-01-20 14:09:38 INFO  Login_TC:27 - Starting browser
2018-01-20 14:10:00 INFO  Login_TC:49 - Pagetitle has successfully verified
2018-01-20 19:30:54 INFO  Login_TC:29 - Starting browser
2018-01-20 19:31:10 INFO  Login_TC:51 - Pagetitle has successfully verified
2018-01-20 20:04:31 INFO  Login_TC:44 - Starting browser
2018-01-20 20:04:45 INFO  Login_TC:67 - Pagetitle has successfully verified
2018-01-20 20:09:30 INFO  Login_TC:44 - Starting browser
2018-01-20 20:09:43 INFO  Login_TC:67 - Pagetitle has successfully verified
2018-01-20 20:10:41 INFO  Login_TC:44 - Starting browser
2018-01-20 20:10:57 INFO  Login_TC:67 - Pagetitle has successfully verified
2018-01-20 20:14:49 INFO  Login_TC:44 - Starting browser
2018-01-20 20:15:04 INFO  Login_TC:67 - Pagetitle has successfully verified
2018-01-20 22:27:52 INFO  Login_TC:45 - Starting browser
2018-01-20 22:28:08 INFO  Login_TC:68 - Pagetitle has successfully verified
2018-01-20 22:30:59 INFO  Login_TC:45 - Starting browser
2018-01-20 22:31:12 INFO  Login_TC:68 - Pagetitle has successfully verified
2018-01-20 22:31:39 INFO  Login_TC:45 - Starting browser
2018-01-20 22:31:53 INFO  Login_TC:68 - Pagetitle has successfully verified
2018-01-20 22:34:16 INFO  Login_TC:45 - Starting browser
2018-01-20 22:34:30 INFO  Login_TC:68 - Pagetitle has successfully verified
2018-01-20 22:37:28 INFO  Login_TC:45 - Starting browser
2018-01-20 22:37:44 INFO  Login_TC:68 - Pagetitle has successfully verified
2018-01-20 22:39:43 INFO  Login_TC:45 - Starting browser
2018-01-20 22:39:56 INFO  Login_TC:68 - Pagetitle has successfully verified
2018-01-20 22:41:26 INFO  Login_TC:45 - Starting browser
2018-01-20 22:41:39 INFO  Login_TC:68 - Pagetitle has successfully verified
2018-01-20 22:42:34 INFO  Login_TC:45 - Starting browser
2018-01-20 22:42:47 INFO  Login_TC:68 - Pagetitle has successfully verified
2018-01-20 22:44:30 INFO  Login_TC:45 - Starting browser
2018-01-20 22:46:02 INFO  Login_TC:45 - Starting browser
2018-01-20 22:46:15 INFO  Login_TC:68 - Pagetitle has successfully verified
2018-01-20 22:47:16 INFO  Login_TC:45 - Starting browser
2018-01-20 22:47:29 INFO  Login_TC:68 - Pagetitle has successfully verified
2018-01-20 22:50:53 INFO  Login_TC:45 - Starting browser
2018-01-20 22:51:06 INFO  Login_TC:68 - Pagetitle has successfully verified
2018-01-20 23:26:18 INFO  Login_TC:45 - Starting browser
2018-01-20 23:26:33 INFO  Login_TC:68 - Pagetitle has successfully verified
2018-01-20 23:48:47 INFO  Login_TC:38 - Starting browser
2018-01-20 23:49:39 INFO  Login_TC:38 - Starting browser
2018-01-20 23:51:23 INFO  Login_TC:38 - Starting browser
2018-01-20 23:52:02 INFO  Login_TC:38 - Starting browser
2018-01-20 23:52:17 INFO  Login_TC:62 - Pagetitle has successfully verified
2018-01-20 23:55:32 INFO  Login_TC:38 - Starting browser
2018-01-20 23:55:46 INFO  Login_TC:62 - Pagetitle has successfully verified
2018-01-20 23:57:13 INFO  Login_TC:38 - Starting browser
2018-01-20 23:57:28 INFO  Login_TC:62 - Pagetitle has successfully verified
2018-01-21 11:25:02 INFO  Login_TC:38 - Starting browser
2018-01-21 11:25:25 INFO  Login_TC:62 - Pagetitle has successfully verified
2018-02-02 07:51:27 INFO  Login_TC:38 - Starting browser
2018-02-04 18:57:27 INFO  Login_TC:38 - Starting browser
2018-02-04 18:58:11 INFO  Login_TC:38 - Starting browser
2018-02-04 18:58:35 INFO  Login_TC:38 - Starting browser
2018-02-04 18:59:02 INFO  Login_TC:38 - Starting browser
2018-02-06 22:26:52 INFO  Login_TC:38 - Starting browser
2018-02-06 22:27:29 INFO  Login_TC:38 - Starting browser
2018-02-08 07:32:34 INFO  Login_TC:38 - Starting browser
2018-02-08 07:34:25 INFO  Login_TC:38 - Starting browser
2018-02-08 07:34:38 INFO  Login_TC:62 - Pagetitle has successfully verified
2018-02-08 08:46:49 INFO  Core_Basic:37 - Chrome Browser Launched successfully
2018-02-08 08:48:37 INFO  Core_Basic:37 - Chrome Browser Launched successfully
2018-02-08 09:25:49 INFO  Core_Basic:38 - Chrome Browser Launched successfully
2018-02-08 09:32:19 INFO  Core_Basic:38 - Chrome Browser Launched successfully
2018-02-08 23:07:45 INFO  Core_Basic:38 - Chrome Browser Launched successfully
2018-02-08 23:15:36 INFO  Core_Basic:38 - Chrome Browser Launched successfully
2018-02-08 23:30:32 INFO  Core_Basic:40 - Chrome Browser Launched successfully
2018-02-08 23:32:07 INFO  Core_Basic:40 - Chrome Browser Launched successfully
2018-02-08 23:32:14 INFO  Login_TC:53 - Pagetitle has successfully verified
2018-02-08 23:34:32 INFO  Core_Basic:40 - Chrome Browser Launched successfully
2018-02-08 23:34:37 INFO  Login_TC:53 - Pagetitle has successfully verified
2018-02-09 07:40:52 INFO  Core_Basic:40 - Chrome Browser Launched successfully
2018-02-09 07:40:58 INFO  Login_TC:53 - Pagetitle has successfully verified
2018-02-09 07:52:44 INFO  Core_Basic:40 - Chrome Browser Launched successfully
2018-02-09 07:52:49 INFO  Login_TC:53 - Pagetitle has successfully verified
2018-02-09 07:55:04 INFO  Core_Basic:40 - Chrome Browser Launched successfully
2018-02-09 07:55:12 INFO  Login_TC:53 - Pagetitle has successfully verified
2018-02-09 08:35:50 INFO  Core_Basic:40 - Chrome Browser Launched successfully
2018-02-09 08:35:58 INFO  Login_TC:53 - Pagetitle has successfully verified
2018-02-09 08:57:39 INFO  Core_Basic:43 - Chrome Browser Launched successfully
2018-02-09 08:57:47 INFO  Login_TC:53 - Pagetitle has successfully verified
2018-02-09 08:59:56 INFO  Core_Basic:43 - Chrome Browser Launched successfully
2018-02-09 09:00:04 INFO  Login_TC:53 - Pagetitle has successfully verified
2018-02-09 09:03:19 INFO  Core_Basic:43 - Chrome Browser Launched successfully
2018-02-09 09:05:18 INFO  Login_TC:53 - Pagetitle has successfully verified
2018-02-09 09:06:56 INFO  Core_Basic:43 - Chrome Browser Launched successfully
2018-02-09 09:07:03 INFO  Login_TC:53 - Pagetitle has successfully verified
2018-02-09 09:08:50 INFO  Core_Basic:43 - Chrome Browser Launched successfully
2018-02-09 09:08:58 INFO  Login_TC:53 - Pagetitle has successfully verified
2018-02-09 21:18:09 INFO  Core_Basic:50 - Chrome Browser Launched successfully
2018-02-09 21:18:18 INFO  Login_TC:53 - Pagetitle has successfully verified
2018-02-11 19:38:34 INFO  Core_Basic:50 - Chrome Browser Launched successfully
2018-02-11 19:38:41 INFO  Login_TC:53 - Pagetitle has successfully verified
